# JRE version: OpenJDK Runtime Environment JBR-11.0.8.10-944.31-jcef (11.0.8+10) (build 11.0.8+10-b944.31)
# Java VM: OpenJDK 64-Bit Server VM JBR-11.0.8.10-944.31-jcef (11.0.8+10-b944.31, mixed mode, tiered, compressed oops, concurrent mark sweep gc, windows-amd64)
Heap:
 par new generation   total 39296K, used 12132K [0x00000000c1c00000, 0x00000000c46a0000, 0x00000000d6750000)
  eden space 34944K,  26% used [0x00000000c1c00000, 0x00000000c2530ce0, 0x00000000c3e20000)
  from space 4352K,  62% used [0x00000000c4260000, 0x00000000c4508468, 0x00000000c46a0000)
  to   space 4352K,   0% used [0x00000000c3e20000, 0x00000000c3e20000, 0x00000000c4260000)
 concurrent mark-sweep generation total 303656K, used 268984K [0x00000000d6750000, 0x00000000e8fda000, 0x0000000100000000)
 Metaspace       used 211184K, capacity 218158K, committed 218204K, reserved 1241088K
  class space    used 24245K, capacity 26995K, committed 27004K, reserved 1048576K
GC Heap History (20 events):
Event: 20267.308 GC heap before
{Heap before GC invocations=219 (full 9):
 par new generation   total 39296K, used 38778K [0x00000000c1c00000, 0x00000000c46a0000, 0x00000000d6750000)
  eden space 34944K, 100% used [0x00000000c1c00000, 0x00000000c3e20000, 0x00000000c3e20000)
  from space 4352K,  88% used [0x00000000c4260000, 0x00000000c461e9a8, 0x00000000c46a0000)
  to   space 4352K,   0% used [0x00000000c3e20000, 0x00000000c3e20000, 0x00000000c4260000)
 concurrent mark-sweep generation total 303656K, used 264725K [0x00000000d6750000, 0x00000000e8fda000, 0x0000000100000000)
 Metaspace       used 210215K, capacity 217128K, committed 217180K, reserved 1239040K
  class space    used 24205K, capacity 26969K, committed 27004K, reserved 1048576K
}
Event: 20267.312 GC heap after
{Heap after GC invocations=220 (full 9):
 par new generation   total 39296K, used 4025K [0x00000000c1c00000, 0x00000000c46a0000, 0x00000000d6750000)
  eden space 34944K,   0% used [0x00000000c1c00000, 0x00000000c1c00000, 0x00000000c3e20000)
  from space 4352K,  92% used [0x00000000c3e20000, 0x00000000c420e500, 0x00000000c4260000)
  to   space 4352K,   0% used [0x00000000c4260000, 0x00000000c4260000, 0x00000000c46a0000)
 concurrent mark-sweep generation total 303656K, used 266295K [0x00000000d6750000, 0x00000000e8fda000, 0x0000000100000000)
 Metaspace       used 210215K, capacity 217128K, committed 217180K, reserved 1239040K
  class space    used 24205K, capacity 26969K, committed 27004K, reserved 1048576K
}
Event: 20284.224 GC heap before
{Heap before GC invocations=220 (full 9):
 par new generation   total 39296K, used 38969K [0x00000000c1c00000, 0x00000000c46a0000, 0x00000000d6750000)
  eden space 34944K, 100% used [0x00000000c1c00000, 0x00000000c3e20000, 0x00000000c3e20000)
  from space 4352K,  92% used [0x00000000c3e20000, 0x00000000c420e500, 0x00000000c4260000)
  to   space 4352K,   0% used [0x00000000c4260000, 0x00000000c4260000, 0x00000000c46a0000)
 concurrent mark-sweep generation total 303656K, used 266295K [0x00000000d6750000, 0x00000000e8fda000, 0x0000000100000000)
 Metaspace       used 210395K, capacity 217345K, committed 217436K, reserved 1241088K
  class space    used 24220K, capacity 26973K, committed 27004K, reserved 1048576K
}
Event: 20284.227 GC heap after
{Heap after GC invocations=221 (full 9):
 par new generation   total 39296K, used 1809K [0x00000000c1c00000, 0x00000000c46a0000, 0x00000000d6750000)
  eden space 34944K,   0% used [0x00000000c1c00000, 0x00000000c1c00000, 0x00000000c3e20000)
  from space 4352K,  41% used [0x00000000c4260000, 0x00000000c4424520, 0x00000000c46a0000)
  to   space 4352K,   0% used [0x00000000c3e20000, 0x00000000c3e20000, 0x00000000c4260000)
 concurrent mark-sweep generation total 303656K, used 267904K [0x00000000d6750000, 0x00000000e8fda000, 0x0000000100000000)
 Metaspace       used 210395K, capacity 217345K, committed 217436K, reserved 1241088K
  class space    used 24220K, capacity 26973K, committed 27004K, reserved 1048576K
}
Event: 20341.208 GC heap before
{Heap before GC invocations=221 (full 9):
 par new generation   total 39296K, used 36769K [0x00000000c1c00000, 0x00000000c46a0000, 0x00000000d6750000)
  eden space 34944K, 100% used [0x00000000c1c00000, 0x00000000c3e20000, 0x00000000c3e20000)
  from space 4352K,  41% used [0x00000000c4260000, 0x00000000c4428648, 0x00000000c46a0000)
  to   space 4352K,   0% used [0x00000000c3e20000, 0x00000000c3e20000, 0x00000000c4260000)
 concurrent mark-sweep generation total 303656K, used 267904K [0x00000000d6750000, 0x00000000e8fda000, 0x0000000100000000)
 Metaspace       used 210573K, capacity 217511K, committed 217692K, reserved 1241088K
  class space    used 24228K, capacity 26981K, committed 27004K, reserved 1048576K
}
Event: 20341.209 GC heap after
{Heap after GC invocations=222 (full 9):
 par new generation   total 39296K, used 1021K [0x00000000c1c00000, 0x00000000c46a0000, 0x00000000d6750000)
  eden space 34944K,   0% used [0x00000000c1c00000, 0x00000000c1c00000, 0x00000000c3e20000)
  from space 4352K,  23% used [0x00000000c3e20000, 0x00000000c3f1f460, 0x00000000c4260000)
  to   space 4352K,   0% used [0x00000000c4260000, 0x00000000c4260000, 0x00000000c46a0000)
 concurrent mark-sweep generation total 303656K, used 267904K [0x00000000d6750000, 0x00000000e8fda000, 0x0000000100000000)
 Metaspace       used 210573K, capacity 217511K, committed 217692K, reserved 1241088K
  class space    used 24228K, capacity 26981K, committed 27004K, reserved 1048576K
}
Event: 20423.692 GC heap before
{Heap before GC invocations=222 (full 9):
 par new generation   total 39296K, used 35965K [0x00000000c1c00000, 0x00000000c46a0000, 0x00000000d6750000)
  eden space 34944K, 100% used [0x00000000c1c00000, 0x00000000c3e20000, 0x00000000c3e20000)
  from space 4352K,  23% used [0x00000000c3e20000, 0x00000000c3f1f460, 0x00000000c4260000)
  to   space 4352K,   0% used [0x00000000c4260000, 0x00000000c4260000, 0x00000000c46a0000)
 concurrent mark-sweep generation total 303656K, used 267904K [0x00000000d6750000, 0x00000000e8fda000, 0x0000000100000000)
 Metaspace       used 210808K, capacity 217792K, committed 217948K, reserved 1241088K
  class space    used 24241K, capacity 26987K, committed 27004K, reserved 1048576K
}
Event: 20423.696 GC heap after
{Heap after GC invocations=223 (full 9):
 par new generation   total 39296K, used 1289K [0x00000000c1c00000, 0x00000000c46a0000, 0x00000000d6750000)
  eden space 34944K,   0% used [0x00000000c1c00000, 0x00000000c1c00000, 0x00000000c3e20000)
  from space 4352K,  29% used [0x00000000c4260000, 0x00000000c43a2510, 0x00000000c46a0000)
  to   space 4352K,   0% used [0x00000000c3e20000, 0x00000000c3e20000, 0x00000000c4260000)
 concurrent mark-sweep generation total 303656K, used 267904K [0x00000000d6750000, 0x00000000e8fda000, 0x0000000100000000)
 Metaspace       used 210808K, capacity 217792K, committed 217948K, reserved 1241088K
  class space    used 24241K, capacity 26987K, committed 27004K, reserved 1048576K
}
Event: 20442.722 GC heap before
{Heap before GC invocations=223 (full 9):
 par new generation   total 39296K, used 36233K [0x00000000c1c00000, 0x00000000c46a0000, 0x00000000d6750000)
  eden space 34944K, 100% used [0x00000000c1c00000, 0x00000000c3e20000, 0x00000000c3e20000)
  from space 4352K,  29% used [0x00000000c4260000, 0x00000000c43a2510, 0x00000000c46a0000)
  to   space 4352K,   0% used [0x00000000c3e20000, 0x00000000c3e20000, 0x00000000c4260000)
 concurrent mark-sweep generation total 303656K, used 267904K [0x00000000d6750000, 0x00000000e8fda000, 0x0000000100000000)
 Metaspace       used 210874K, capacity 217857K, committed 217948K, reserved 1241088K
  class space    used 24241K, capacity 26987K, committed 27004K, reserved 1048576K
}
Event: 20442.723 GC heap after
{Heap after GC invocations=224 (full 9):
 par new generation   total 39296K, used 1830K [0x00000000c1c00000, 0x00000000c46a0000, 0x00000000d6750000)
  eden space 34944K,   0% used [0x00000000c1c00000, 0x00000000c1c00000, 0x00000000c3e20000)
  from space 4352K,  42% used [0x00000000c3e20000, 0x00000000c3fe9840, 0x00000000c4260000)
  to   space 4352K,   0% used [0x00000000c4260000, 0x00000000c4260000, 0x00000000c46a0000)
 concurrent mark-sweep generation total 303656K, used 267904K [0x00000000d6750000, 0x00000000e8fda000, 0x0000000100000000)
 Metaspace       used 210874K, capacity 217857K, committed 217948K, reserved 1241088K
  class space    used 24241K, capacity 26987K, committed 27004K, reserved 1048576K
}
Event: 20665.427 GC heap before
{Heap before GC invocations=224 (full 9):
 par new generation   total 39296K, used 36774K [0x00000000c1c00000, 0x00000000c46a0000, 0x00000000d6750000)
  eden space 34944K, 100% used [0x00000000c1c00000, 0x00000000c3e20000, 0x00000000c3e20000)
  from space 4352K,  42% used [0x00000000c3e20000, 0x00000000c3fe9840, 0x00000000c4260000)
  to   space 4352K,   0% used [0x00000000c4260000, 0x00000000c4260000, 0x00000000c46a0000)
 concurrent mark-sweep generation total 303656K, used 267904K [0x00000000d6750000, 0x00000000e8fda000, 0x0000000100000000)
 Metaspace       used 210899K, capacity 217858K, committed 217948K, reserved 1241088K
  class space    used 24241K, capacity 26987K, committed 27004K, reserved 1048576K
}
Event: 20665.430 GC heap after
{Heap after GC invocations=225 (full 9):
 par new generation   total 39296K, used 1807K [0x00000000c1c00000, 0x00000000c46a0000, 0x00000000d6750000)
  eden space 34944K,   0% used [0x00000000c1c00000, 0x00000000c1c00000, 0x00000000c3e20000)
  from space 4352K,  41% used [0x00000000c4260000, 0x00000000c4423cc8, 0x00000000c46a0000)
  to   space 4352K,   0% used [0x00000000c3e20000, 0x00000000c3e20000, 0x00000000c4260000)
 concurrent mark-sweep generation total 303656K, used 267904K [0x00000000d6750000, 0x00000000e8fda000, 0x0000000100000000)
 Metaspace       used 210899K, capacity 217858K, committed 217948K, reserved 1241088K
  class space    used 24241K, capacity 26987K, committed 27004K, reserved 1048576K
}
Event: 20670.332 GC heap before
{Heap before GC invocations=225 (full 9):
 par new generation   total 39296K, used 36751K [0x00000000c1c00000, 0x00000000c46a0000, 0x00000000d6750000)
  eden space 34944K, 100% used [0x00000000c1c00000, 0x00000000c3e20000, 0x00000000c3e20000)
  from space 4352K,  41% used [0x00000000c4260000, 0x00000000c4423cc8, 0x00000000c46a0000)
  to   space 4352K,   0% used [0x00000000c3e20000, 0x00000000c3e20000, 0x00000000c4260000)
 concurrent mark-sweep generation total 303656K, used 267904K [0x00000000d6750000, 0x00000000e8fda000, 0x0000000100000000)
 Metaspace       used 210928K, capacity 217922K, committed 217948K, reserved 1241088K
  class space    used 24241K, capacity 26987K, committed 27004K, reserved 1048576K
}
Event: 20670.333 GC heap after
{Heap after GC invocations=226 (full 9):
 par new generation   total 39296K, used 1874K [0x00000000c1c00000, 0x00000000c46a0000, 0x00000000d6750000)
  eden space 34944K,   0% used [0x00000000c1c00000, 0x00000000c1c00000, 0x00000000c3e20000)
  from space 4352K,  43% used [0x00000000c3e20000, 0x00000000c3ff4be0, 0x00000000c4260000)
  to   space 4352K,   0% used [0x00000000c4260000, 0x00000000c4260000, 0x00000000c46a0000)
 concurrent mark-sweep generation total 303656K, used 267970K [0x00000000d6750000, 0x00000000e8fda000, 0x0000000100000000)
 Metaspace       used 210928K, capacity 217922K, committed 217948K, reserved 1241088K
  class space    used 24241K, capacity 26987K, committed 27004K, reserved 1048576K
}
Event: 21051.993 GC heap before
{Heap before GC invocations=226 (full 9):
 par new generation   total 39296K, used 36818K [0x00000000c1c00000, 0x00000000c46a0000, 0x00000000d6750000)
  eden space 34944K, 100% used [0x00000000c1c00000, 0x00000000c3e20000, 0x00000000c3e20000)
  from space 4352K,  43% used [0x00000000c3e20000, 0x00000000c3ff4be0, 0x00000000c4260000)
  to   space 4352K,   0% used [0x00000000c4260000, 0x00000000c4260000, 0x00000000c46a0000)
 concurrent mark-sweep generation total 303656K, used 267970K [0x00000000d6750000, 0x00000000e8fda000, 0x0000000100000000)
 Metaspace       used 210964K, capacity 217922K, committed 217948K, reserved 1241088K
  class space    used 24241K, capacity 26987K, committed 27004K, reserved 1048576K
}
Event: 21051.997 GC heap after
{Heap after GC invocations=227 (full 9):
 par new generation   total 39296K, used 2371K [0x00000000c1c00000, 0x00000000c46a0000, 0x00000000d6750000)
  eden space 34944K,   0% used [0x00000000c1c00000, 0x00000000c1c00000, 0x00000000c3e20000)
  from space 4352K,  54% used [0x00000000c4260000, 0x00000000c44b0da8, 0x00000000c46a0000)
  to   space 4352K,   0% used [0x00000000c3e20000, 0x00000000c3e20000, 0x00000000c4260000)
 concurrent mark-sweep generation total 303656K, used 267998K [0x00000000d6750000, 0x00000000e8fda000, 0x0000000100000000)
 Metaspace       used 210964K, capacity 217922K, committed 217948K, reserved 1241088K
  class space    used 24241K, capacity 26987K, committed 27004K, reserved 1048576K
}
Event: 21072.233 GC heap before
{Heap before GC invocations=227 (full 9):
 par new generation   total 39296K, used 37315K [0x00000000c1c00000, 0x00000000c46a0000, 0x00000000d6750000)
  eden space 34944K, 100% used [0x00000000c1c00000, 0x00000000c3e20000, 0x00000000c3e20000)
  from space 4352K,  54% used [0x00000000c4260000, 0x00000000c44b0da8, 0x00000000c46a0000)
  to   space 4352K,   0% used [0x00000000c3e20000, 0x00000000c3e20000, 0x00000000c4260000)
 concurrent mark-sweep generation total 303656K, used 267998K [0x00000000d6750000, 0x00000000e8fda000, 0x0000000100000000)
 Metaspace       used 211057K, capacity 218016K, committed 218204K, reserved 1241088K
  class space    used 24244K, capacity 26993K, committed 27004K, reserved 1048576K
}
Event: 21072.235 GC heap after
{Heap after GC invocations=228 (full 9):
 par new generation   total 39296K, used 3597K [0x00000000c1c00000, 0x00000000c46a0000, 0x00000000d6750000)
  eden space 34944K,   0% used [0x00000000c1c00000, 0x00000000c1c00000, 0x00000000c3e20000)
  from space 4352K,  82% used [0x00000000c3e20000, 0x00000000c41a3440, 0x00000000c4260000)
  to   space 4352K,   0% used [0x00000000c4260000, 0x00000000c4260000, 0x00000000c46a0000)
 concurrent mark-sweep generation total 303656K, used 268091K [0x00000000d6750000, 0x00000000e8fda000, 0x0000000100000000)
 Metaspace       used 211057K, capacity 218016K, committed 218204K, reserved 1241088K
  class space    used 24244K, capacity 26993K, committed 27004K, reserved 1048576K
}
Event: 21081.999 GC heap before
{Heap before GC invocations=228 (full 9):
 par new generation   total 39296K, used 38541K [0x00000000c1c00000, 0x00000000c46a0000, 0x00000000d6750000)
  eden space 34944K, 100% used [0x00000000c1c00000, 0x00000000c3e20000, 0x00000000c3e20000)
  from space 4352K,  82% used [0x00000000c3e20000, 0x00000000c41a3440, 0x00000000c4260000)
  to   space 4352K,   0% used [0x00000000c4260000, 0x00000000c4260000, 0x00000000c46a0000)
 concurrent mark-sweep generation total 303656K, used 268091K [0x00000000d6750000, 0x00000000e8fda000, 0x0000000100000000)
 Metaspace       used 211173K, capacity 218158K, committed 218204K, reserved 1241088K
  class space    used 24245K, capacity 26995K, committed 27004K, reserved 1048576K
}
Event: 21082.002 GC heap after
{Heap after GC invocations=229 (full 9):
 par new generation   total 39296K, used 2721K [0x00000000c1c00000, 0x00000000c46a0000, 0x00000000d6750000)
  eden space 34944K,   0% used [0x00000000c1c00000, 0x00000000c1c00000, 0x00000000c3e20000)
  from space 4352K,  62% used [0x00000000c4260000, 0x00000000c4508468, 0x00000000c46a0000)
  to   space 4352K,   0% used [0x00000000c3e20000, 0x00000000c3e20000, 0x00000000c4260000)
 concurrent mark-sweep generation total 303656K, used 268984K [0x00000000d6750000, 0x00000000e8fda000, 0x0000000100000000)
 Metaspace       used 211173K, capacity 218158K, committed 218204K, reserved 1241088K
  class space    used 24245K, capacity 26995K, committed 27004K, reserved 1048576K
}

